WARNING: Logging before flag parsing goes to stderr.
W0226 08:41:17.398200 139004386297472 __init__.py:74] TensorFlow version 1.15.0 detected. Last version known to be fully compatible is 1.14.0 .
[2.6084] Building ground truth set from 43068 line images 
I0226 08:41:17.531621 139004386297472 ketos.py:155] Building ground truth set from 43068 line images
[2.6087] Loading existing model from devanew-3_best.mlmodel  
I0226 08:41:17.531857 139004386297472 ketos.py:164] Loading existing model from devanew-3_best.mlmodel 
[3.3213] Disabling preloading for large (>2500) training data set. Enable by setting --preload parameter 
I0226 08:41:18.244448 139004386297472 ketos.py:208] Disabling preloading for large (>2500) training data set. Enable by setting --preload parameter
[30.5518] Training set 38761 lines, validation set 4307 lines, alphabet 133 symbols 
I0226 08:41:45.474919 139004386297472 ketos.py:257] Training set 38761 lines, validation set 4307 lines, alphabet 133 symbols
[30.5521] grapheme	count 
I0226 08:41:45.475268 139004386297472 ketos.py:264] grapheme	count
[30.5523] SPACE	332060 
I0226 08:41:45.475505 139004386297472 ketos.py:269] SPACE	332060
[30.5524] DEVANAGARI SIGN VIRAMA	238262 
I0226 08:41:45.475607 139004386297472 ketos.py:269] DEVANAGARI SIGN VIRAMA	238262
[30.5525] DEVANAGARI VOWEL SIGN AA	153698 
I0226 08:41:45.475706 139004386297472 ketos.py:269] DEVANAGARI VOWEL SIGN AA	153698
[30.5526] 	र	119894 
I0226 08:41:45.475803 139004386297472 ketos.py:269] 	र	119894
[30.5527] 	त	114339 
I0226 08:41:45.475904 139004386297472 ketos.py:269] 	त	114339
[30.5528] DEVANAGARI VOWEL SIGN I	91446 
I0226 08:41:45.476003 139004386297472 ketos.py:269] DEVANAGARI VOWEL SIGN I	91446
[30.5529] 	न	82930 
I0226 08:41:45.476099 139004386297472 ketos.py:269] 	न	82930
[30.5530] 	य	80892 
I0226 08:41:45.476197 139004386297472 ketos.py:269] 	य	80892
[30.5531] 	म	74529 
I0226 08:41:45.476294 139004386297472 ketos.py:269] 	म	74529
[30.5532] 	स	73923 
I0226 08:41:45.476391 139004386297472 ketos.py:269] 	स	73923
[30.5533] 	क	72598 
I0226 08:41:45.476488 139004386297472 ketos.py:269] 	क	72598
[30.5534] 	व	71451 
I0226 08:41:45.476585 139004386297472 ketos.py:269] 	व	71451
[30.5535] DEVANAGARI VOWEL SIGN E	66469 
I0226 08:41:45.476683 139004386297472 ketos.py:269] DEVANAGARI VOWEL SIGN E	66469
[30.5536] 	प	53217 
I0226 08:41:45.476779 139004386297472 ketos.py:269] 	प	53217
[30.5537] DEVANAGARI SIGN ANUSVARA	52868 
I0226 08:41:45.476878 139004386297472 ketos.py:269] DEVANAGARI SIGN ANUSVARA	52868
[30.5538] 	द	49265 
I0226 08:41:45.476974 139004386297472 ketos.py:269] 	द	49265
[30.5539] DEVANAGARI VOWEL SIGN U	47326 
I0226 08:41:45.477073 139004386297472 ketos.py:269] DEVANAGARI VOWEL SIGN U	47326
[30.5540] DEVANAGARI VOWEL SIGN II	38346 
I0226 08:41:45.477170 139004386297472 ketos.py:269] DEVANAGARI VOWEL SIGN II	38346
[30.5541] DEVANAGARI VOWEL SIGN O	37069 
I0226 08:41:45.477268 139004386297472 ketos.py:269] DEVANAGARI VOWEL SIGN O	37069
[30.5542] 	ल	35643 
I0226 08:41:45.477364 139004386297472 ketos.py:269] 	ल	35643
[30.5543] 	ह	31821 
I0226 08:41:45.477461 139004386297472 ketos.py:269] 	ह	31821
[30.5544] 	श	31547 
I0226 08:41:45.477558 139004386297472 ketos.py:269] 	श	31547
[30.5545] 	ग	28474 
I0226 08:41:45.477655 139004386297472 ketos.py:269] 	ग	28474
[30.5546] DEVANAGARI SIGN VISARGA	28467 
I0226 08:41:45.477754 139004386297472 ketos.py:269] DEVANAGARI SIGN VISARGA	28467
[30.5546] 	ष	26013 
I0226 08:41:45.477850 139004386297472 ketos.py:269] 	ष	26013
[30.5547] 	च	25403 
I0226 08:41:45.477947 139004386297472 ketos.py:269] 	च	25403
[30.5548] 	ज	25000 
I0226 08:41:45.478044 139004386297472 ketos.py:269] 	ज	25000
[30.5550] 	भ	23618 
I0226 08:41:45.478168 139004386297472 ketos.py:269] 	भ	23618
[30.5551] 	ण	21773 
I0226 08:41:45.478287 139004386297472 ketos.py:269] 	ण	21773
[30.5552] 	ध	21583 
I0226 08:41:45.478384 139004386297472 ketos.py:269] 	ध	21583
[30.5553] 	-	20765 
I0226 08:41:45.478481 139004386297472 ketos.py:269] 	-	20765
[30.5554] 	।	20404 
I0226 08:41:45.478577 139004386297472 ketos.py:269] 	।	20404
[30.5555] 	अ	18883 
I0226 08:41:45.478674 139004386297472 ketos.py:269] 	अ	18883
[30.5556] 	ब	18613 
I0226 08:41:45.478770 139004386297472 ketos.py:269] 	ब	18613
[30.5557] 	.	17743 
I0226 08:41:45.478867 139004386297472 ketos.py:269] 	.	17743
[30.5558] DEVANAGARI VOWEL SIGN UU	17536 
I0226 08:41:45.478964 139004386297472 ketos.py:269] DEVANAGARI VOWEL SIGN UU	17536
[30.5559] 	॥	15519 
I0226 08:41:45.479060 139004386297472 ketos.py:269] 	॥	15519
[30.5560] DEVANAGARI VOWEL SIGN AI	15409 
I0226 08:41:45.479158 139004386297472 ketos.py:269] DEVANAGARI VOWEL SIGN AI	15409
[30.5561] 	थ	15169 
I0226 08:41:45.479254 139004386297472 ketos.py:269] 	थ	15169
[30.5561] 	ट	14446 
I0226 08:41:45.479351 139004386297472 ketos.py:269] 	ट	14446
[30.5562] DEVANAGARI VOWEL SIGN VOCALIC R	13628 
I0226 08:41:45.479448 139004386297472 ketos.py:269] DEVANAGARI VOWEL SIGN VOCALIC R	13628
[30.5563] 	ख	10300 
I0226 08:41:45.479544 139004386297472 ketos.py:269] 	ख	10300
[30.5564] 	,	10205 
I0226 08:41:45.479642 139004386297472 ketos.py:269] 	,	10205
[30.5565] 	ड	9983 
I0226 08:41:45.479737 139004386297472 ketos.py:269] 	ड	9983
[30.5566] 	१	9234 
I0226 08:41:45.479834 139004386297472 ketos.py:269] 	१	9234
[30.5567] 	इ	8994 
I0226 08:41:45.479931 139004386297472 ketos.py:269] 	इ	8994
[30.5568] 	ए	8308 
I0226 08:41:45.480027 139004386297472 ketos.py:269] 	ए	8308
[30.5569] 	आ	8196 
I0226 08:41:45.480123 139004386297472 ketos.py:269] 	आ	8196
[30.5570] 	1	7010 
I0226 08:41:45.480220 139004386297472 ketos.py:269] 	1	7010
[30.5571] 	उ	6995 
I0226 08:41:45.480316 139004386297472 ketos.py:269] 	उ	6995
[30.5572] DEVANAGARI VOWEL SIGN AU	6773 
I0226 08:41:45.480414 139004386297472 ketos.py:269] DEVANAGARI VOWEL SIGN AU	6773
[30.5573] 	२	6320 
I0226 08:41:45.480509 139004386297472 ketos.py:269] 	२	6320
[30.5574] 	फ	5979 
I0226 08:41:45.480606 139004386297472 ketos.py:269] 	फ	5979
[30.5575] 	)	5890 
I0226 08:41:45.480702 139004386297472 ketos.py:269] 	)	5890
[30.5576] 	2	5320 
I0226 08:41:45.480798 139004386297472 ketos.py:269] 	2	5320
[30.5577] 	ञ	5308 
I0226 08:41:45.480893 139004386297472 ketos.py:269] 	ञ	5308
[30.5578] 	(	5278 
I0226 08:41:45.480990 139004386297472 ketos.py:269] 	(	5278
[30.5579] DEVANAGARI SIGN NUKTA	5214 
I0226 08:41:45.481087 139004386297472 ketos.py:269] DEVANAGARI SIGN NUKTA	5214
[30.5580] 	0	5110 
I0226 08:41:45.481183 139004386297472 ketos.py:269] 	0	5110
[30.5581] 	|	4792 
I0226 08:41:45.481278 139004386297472 ketos.py:269] 	|	4792
[30.5582] 	:	4761 
I0226 08:41:45.481387 139004386297472 ketos.py:269] 	:	4761
[30.5583] 	ङ	4440 
I0226 08:41:45.481484 139004386297472 ketos.py:269] 	ङ	4440
[30.5584] 	घ	4429 
I0226 08:41:45.481580 139004386297472 ketos.py:269] 	घ	4429
[30.5585] 	छ	4172 
I0226 08:41:45.481677 139004386297472 ketos.py:269] 	छ	4172
[30.5586] 	०	4129 
I0226 08:41:45.481774 139004386297472 ketos.py:269] 	०	4129
[30.5587] 	३	4094 
I0226 08:41:45.481870 139004386297472 ketos.py:269] 	३	4094
[30.5588] 	ठ	3918 
I0226 08:41:45.481967 139004386297472 ketos.py:269] 	ठ	3918
[30.5589] 	ऽ	3790 
I0226 08:41:45.482063 139004386297472 ketos.py:269] 	ऽ	3790
[30.5590] 	८	3764 
I0226 08:41:45.482160 139004386297472 ketos.py:269] 	८	3764
[30.5591] 	४	3667 
I0226 08:41:45.482261 139004386297472 ketos.py:269] 	४	3667
[30.5592] 	3	3664 
I0226 08:41:45.482357 139004386297472 ketos.py:269] 	3	3664
[30.5593] 	६	3544 
I0226 08:41:45.482453 139004386297472 ketos.py:269] 	६	3544
[30.5593] 	५	3307 
I0226 08:41:45.482549 139004386297472 ketos.py:269] 	५	3307
[30.5594] 	७	3201 
I0226 08:41:45.482645 139004386297472 ketos.py:269] 	७	3201
[30.5595] 	4	3111 
I0226 08:41:45.482742 139004386297472 ketos.py:269] 	4	3111
[30.5596] 	९	2862 
I0226 08:41:45.482839 139004386297472 ketos.py:269] 	९	2862
[30.5597] 	ई	2853 
I0226 08:41:45.482936 139004386297472 ketos.py:269] 	ई	2853
[30.5598] 	9	2833 
I0226 08:41:45.483032 139004386297472 ketos.py:269] 	9	2833
[30.5599] 	5	2811 
I0226 08:41:45.483128 139004386297472 ketos.py:269] 	5	2811
[30.5600] 	'	2810 
I0226 08:41:45.483224 139004386297472 ketos.py:269] 	'	2810
[30.5601] 	7	2701 
I0226 08:41:45.483319 139004386297472 ketos.py:269] 	7	2701
[30.5602] 	8	2599 
I0226 08:41:45.483415 139004386297472 ketos.py:269] 	8	2599
[30.5603] 	6	2554 
I0226 08:41:45.483510 139004386297472 ketos.py:269] 	6	2554
[30.5604] 	/	2128 
I0226 08:41:45.483606 139004386297472 ketos.py:269] 	/	2128
[30.5605] 	;	2082 
I0226 08:41:45.483701 139004386297472 ketos.py:269] 	;	2082
[30.5606] 	ढ	2057 
I0226 08:41:45.483797 139004386297472 ketos.py:269] 	ढ	2057
[30.5607] 	=	1741 
I0226 08:41:45.483894 139004386297472 ketos.py:269] 	=	1741
[30.5608] 	!	1703 
I0226 08:41:45.483989 139004386297472 ketos.py:269] 	!	1703
[30.5609] 	?	1649 
I0226 08:41:45.484085 139004386297472 ketos.py:269] 	?	1649
[30.5610] DEVANAGARI VOWEL SIGN CANDRA O	1600 
I0226 08:41:45.484182 139004386297472 ketos.py:269] DEVANAGARI VOWEL SIGN CANDRA O	1600
[30.5611] 	औ	1489 
I0226 08:41:45.484278 139004386297472 ketos.py:269] 	औ	1489
[30.5612] 	>	1437 
I0226 08:41:45.484375 139004386297472 ketos.py:269] 	>	1437
[30.5613] DEVANAGARI SIGN CANDRABINDU	1305 
I0226 08:41:45.484472 139004386297472 ketos.py:269] DEVANAGARI SIGN CANDRABINDU	1305
[30.5614] 	<	1233 
I0226 08:41:45.484569 139004386297472 ketos.py:269] 	<	1233
[30.5615] 	ओ	1175 
I0226 08:41:45.484665 139004386297472 ketos.py:269] 	ओ	1175
[30.5616] 	झ	1150 
I0226 08:41:45.484761 139004386297472 ketos.py:269] 	झ	1150
[30.5617] 	]	1120 
I0226 08:41:45.484858 139004386297472 ketos.py:269] 	]	1120
[30.5618] 	[	1008 
I0226 08:41:45.484954 139004386297472 ketos.py:269] 	[	1008
[30.5618] 	ऋ	1004 
I0226 08:41:45.485050 139004386297472 ketos.py:269] 	ऋ	1004
[30.5619] 	"	940 
I0226 08:41:45.485146 139004386297472 ketos.py:269] 	"	940
[30.5620] 	`	834 
I0226 08:41:45.485242 139004386297472 ketos.py:269] 	`	834
[30.5621] 	+	785 
I0226 08:41:45.485338 139004386297472 ketos.py:269] 	+	785
[30.5622] 	*	709 
I0226 08:41:45.485433 139004386297472 ketos.py:269] 	*	709
[30.5623] 	ऊ	703 
I0226 08:41:45.485529 139004386297472 ketos.py:269] 	ऊ	703
[30.5624] 	_	656 
I0226 08:41:45.485626 139004386297472 ketos.py:269] 	_	656
[30.5625] 	”	604 
I0226 08:41:45.485722 139004386297472 ketos.py:269] 	”	604
[30.5626] 	“	576 
I0226 08:41:45.485818 139004386297472 ketos.py:269] 	“	576
[30.5627] 	%	563 
I0226 08:41:45.485915 139004386297472 ketos.py:269] 	%	563
[30.5628] 	ऐ	489 
I0226 08:41:45.486010 139004386297472 ketos.py:269] 	ऐ	489
[30.5629] 	ऑ	486 
I0226 08:41:45.486106 139004386297472 ketos.py:269] 	ऑ	486
[30.5630] 	ॐ	442 
I0226 08:41:45.486210 139004386297472 ketos.py:269] 	ॐ	442
[30.5631] 	₹	423 
I0226 08:41:45.486307 139004386297472 ketos.py:269] 	₹	423
[30.5632] 	}	346 
I0226 08:41:45.486404 139004386297472 ketos.py:269] 	}	346
[30.5633] 	॰	340 
I0226 08:41:45.486500 139004386297472 ketos.py:269] 	॰	340
[30.5634] 	\	336 
I0226 08:41:45.486597 139004386297472 ketos.py:269] 	\	336
[30.5635] 	{	319 
I0226 08:41:45.486692 139004386297472 ketos.py:269] 	{	319
[30.5636] 	•	295 
I0226 08:41:45.486788 139004386297472 ketos.py:269] 	•	295
[30.5637] 	~	283 
I0226 08:41:45.486885 139004386297472 ketos.py:269] 	~	283
[30.5638] 	…	277 
I0226 08:41:45.486981 139004386297472 ketos.py:269] 	…	277
[30.5639] 	ऍ	273 
I0226 08:41:45.487078 139004386297472 ketos.py:269] 	ऍ	273
[30.5640] 	‘	272 
I0226 08:41:45.487175 139004386297472 ketos.py:269] 	‘	272
[30.5641] 	ꣳ	267 
I0226 08:41:45.487271 139004386297472 ketos.py:269] 	ꣳ	267
[30.5642] 	§	265 
I0226 08:41:45.487368 139004386297472 ketos.py:269] 	§	265
[30.5643] 	‡	264 
I0226 08:41:45.487465 139004386297472 ketos.py:269] 	‡	264
[30.5644] 	„	252 
I0226 08:41:45.487562 139004386297472 ketos.py:269] 	„	252
[30.5645] 	’	221 
I0226 08:41:45.487660 139004386297472 ketos.py:269] 	’	221
[30.5646] 	ळ	200 
I0226 08:41:45.487757 139004386297472 ketos.py:269] 	ळ	200
[30.5647] 	—	54 
I0226 08:41:45.487854 139004386297472 ketos.py:269] 	—	54
[30.5647] 	ऱ	51 
I0226 08:41:45.487950 139004386297472 ketos.py:269] 	ऱ	51
[30.5648] DEVANAGARI VOWEL SIGN CANDRA E	48 
I0226 08:41:45.488048 139004386297472 ketos.py:269] DEVANAGARI VOWEL SIGN CANDRA E	48
[30.5649] 	@	18 
I0226 08:41:45.488144 139004386297472 ketos.py:269] 	@	18
[30.5650] 	$	16 
I0226 08:41:45.488240 139004386297472 ketos.py:269] 	$	16
[30.5651] 	©	14 
I0226 08:41:45.488336 139004386297472 ketos.py:269] 	©	14
[30.7157] Resizing network or given codec to 133 code sequences 
I0226 08:41:45.638895 139004386297472 ketos.py:312] Resizing network or given codec to 133 code sequences
[42.0240] Deleting 12 output classes from network (130 retained) 
I0226 08:41:56.947163 139004386297472 ketos.py:315] Deleting 12 output classes from network (130 retained)
[20120.9801] Accuracy report (0) 0.9752 287420 7133 
I0226 14:16:35.903173 139004386297472 train.py:292] Accuracy report (0) 0.9752 287420 7133
[20120.9852] Saving to devanew-4_1 
I0226 14:16:35.908411 139004386297472 train.py:295] Saving to devanew-4_1
[40756.5330] Accuracy report (1) 0.9772 287420 6556 
I0226 20:00:31.455979 139004386297472 train.py:292] Accuracy report (1) 0.9772 287420 6556
[40756.5382] Saving to devanew-4_2 
I0226 20:00:31.461403 139004386297472 train.py:295] Saving to devanew-4_2
[61325.2310] Accuracy report (2) 0.9771 287420 6593 
I0227 01:43:20.153917 139004386297472 train.py:292] Accuracy report (2) 0.9771 287420 6593
[61325.2363] Saving to devanew-4_3 
I0227 01:43:20.159521 139004386297472 train.py:295] Saving to devanew-4_3
[83308.0953] Accuracy report (3) 0.9762 287420 6829 
I0227 07:49:43.018290 139004386297472 train.py:292] Accuracy report (3) 0.9762 287420 6829
[83308.0999] Saving to devanew-4_4 
I0227 07:49:43.023070 139004386297472 train.py:295] Saving to devanew-4_4
[99846.6056] Accuracy report (4) 0.9775 287420 6479 
I0227 12:25:21.528603 139004386297472 train.py:292] Accuracy report (4) 0.9775 287420 6479
[99846.6103] Saving to devanew-4_5 
I0227 12:25:21.533486 139004386297472 train.py:295] Saving to devanew-4_5
[115042.0826] Accuracy report (5) 0.9764 287420 6770 
I0227 16:38:37.005586 139004386297472 train.py:292] Accuracy report (5) 0.9764 287420 6770
[115042.0871] Saving to devanew-4_6 
I0227 16:38:37.010285 139004386297472 train.py:295] Saving to devanew-4_6
[151119.3825] Accuracy report (6) 0.9795 287420 5881 
I0228 02:39:54.305435 139004386297472 train.py:292] Accuracy report (6) 0.9795 287420 5881
[151119.3886] Saving to devanew-4_7 
I0228 02:39:54.311761 139004386297472 train.py:295] Saving to devanew-4_7
[191420.8407] Accuracy report (7) 0.9782 287420 6265 
I0228 13:51:35.763474 139004386297472 train.py:292] Accuracy report (7) 0.9782 287420 6265
[191420.8470] Saving to devanew-4_8 
I0228 13:51:35.770133 139004386297472 train.py:295] Saving to devanew-4_8
[231582.2981] Accuracy report (8) 0.9793 287420 5936 
I0229 01:00:57.221044 139004386297472 train.py:292] Accuracy report (8) 0.9793 287420 5936
[231582.3035] Saving to devanew-4_9 
I0229 01:00:57.226639 139004386297472 train.py:295] Saving to devanew-4_9
[273360.6311] Accuracy report (9) 0.9782 287420 6276 
I0229 12:37:15.554056 139004386297472 train.py:292] Accuracy report (9) 0.9782 287420 6276
[273360.6365] Saving to devanew-4_10 
I0229 12:37:15.559729 139004386297472 train.py:295] Saving to devanew-4_10
[321468.2783] Accuracy report (10) 0.9790 287420 6040 
I0301 01:59:03.201164 139004386297472 train.py:292] Accuracy report (10) 0.9790 287420 6040
[321468.2838] Saving to devanew-4_11 
I0301 01:59:03.207020 139004386297472 train.py:295] Saving to devanew-4_11
[363935.4132] Accuracy report (11) 0.9789 287420 6073 
I0301 13:46:50.336088 139004386297472 train.py:292] Accuracy report (11) 0.9789 287420 6073
[363935.4192] Saving to devanew-4_12 
I0301 13:46:50.342372 139004386297472 train.py:295] Saving to devanew-4_12
[363935.9396] Moving best model devanew-4_7.mlmodel (0.9795386542342217) to devanew-4_best.mlmodel 
I0301 13:46:50.862681 139004386297472 ketos.py:405] Moving best model devanew-4_7.mlmodel (0.9795386542342217) to devanew-4_best.mlmodel
