[0.9004] Building test set from 1566 line images 
[0.9006] Loading model from /home/ubuntu/kraken/deva/devatrain_best.mlmodel 
[1.5670] Evaluating devatrain_best.mlmodel 
[675.8642] Serializing report for devatrain_best.mlmodel 
[675.8945] === report  ===

69948	Characters
11185	Errors
84.01%	Accuracy

4649	Insertions
1452	Deletions
5084	Substitutions

Count	Missed	%Right
62085	8077	86.99%	Devanagari
7863	1656	78.94%	Common

Errors	Correct-Generated
1306	{ DEVANAGARI SIGN VIRAMA } - {  }
1281	{ : } - { DEVANAGARI SIGN VISARGA }
554	{ र } - {  }
448	{  } - { DEVANAGARI SIGN VIRAMA }
223	{  } - { र }
208	{ SPACE } - {  }
179	{ र } - { DEVANAGARI SIGN VIRAMA }
176	{ त } - {  }
148	{ ह } - { क }
145	{ DEVANAGARI VOWEL SIGN I } - {  }
143	{ क } - {  }
129	{ ष } - {  }
119	{ य } - {  }
115	{  } - { DEVANAGARI VOWEL SIGN AA }
101	{ DEVANAGARI VOWEL SIGN VOCALIC R } - {  }
99	{ व } - {  }
98	{ म } - { स }
92	{ थ } - { य }
91	{  } - { त }
91	{ DEVANAGARI VOWEL SIGN U } - {  }
88	{ श } - {  }
86	{  } - { DEVANAGARI VOWEL SIGN I }
84	{ ग } - {  }
83	{ य } - { प }
81	{ DEVANAGARI SIGN ANUSVARA } - {  }
80	{ ध } - {  }
80	{ DEVANAGARI VOWEL SIGN E } - {  }
77	{ प } - {  }
77	{ ण } - {  }
75	{  } - { SPACE }
71	{ द } - {  }
67	{ DEVANAGARI SIGN VIRAMA } - { DEVANAGARI VOWEL SIGN I }
66	{ : } - {  }
60	{ स } - { म }
52	{ ल } - {  }
52	{ ज } - {  }
51	{ ञ } - {  }
51	{ DEVANAGARI VOWEL SIGN AI } - { DEVANAGARI VOWEL SIGN E }
51	{ र } - { श }
48	{ ख } - {  }
47	{  } - { DEVANAGARI SIGN ANUSVARA }
46	{ ज } - { न }
44	{ ह } - {  }
44	{ भ } - {  }
42	{ स } - {  }
40	{ ल } - { त }
40	{ ऽ } - {  }
40	{ अ } - { च }
37	{ आ } - { अ }
37	{ DEVANAGARI VOWEL SIGN UU } - {  }
36	{ न } - {  }
35	{ क } - { च }
35	{  } - { न }
35	{ ष } - { ञ }
35	{ ज } - { त }
35	{ DEVANAGARI VOWEL SIGN O } - { DEVANAGARI VOWEL SIGN II }
34	{  } - { DEVANAGARI SIGN VISARGA }
34	{ ण } - { DEVANAGARI VOWEL SIGN AA }
34	{ ज } - { ब }
34	{ त } - { च }
33	{ ष } - { प }
33	{ क } - { त }
33	{ स } - { ख }
32	{ DEVANAGARI VOWEL SIGN AI } - {  }
32	{ DEVANAGARI VOWEL SIGN AU } - { DEVANAGARI VOWEL SIGN II }
31	{ र } - { ग }
30	{ ब } - { व }
30	{ थ } - {  }
29	{ ङ } - { ड }
29	{ ङ } - {  }
29	{ ट } - {  }
28	{ छ } - {  }
26	{ ड } - {  }
26	{ म } - {  }
26	{ छ } - { क }
25	{ DEVANAGARI SIGN VIRAMA } - { DEVANAGARI VOWEL SIGN AA }
24	{ DEVANAGARI VOWEL SIGN O } - {  }
23	{ DEVANAGARI VOWEL SIGN AU } - { DEVANAGARI VOWEL SIGN O }
23	{ च } - {  }
23	{ आ } - {  }
23	{ ल } - { न }
22	{ DEVANAGARI VOWEL SIGN UU } - { DEVANAGARI SIGN VIRAMA }
21	{ न } - { त }
21	{  } - { प }
21	{ DEVANAGARI VOWEL SIGN O } - { DEVANAGARI VOWEL SIGN AU }
20	{  } - { व }
20	{ द } - { ड }
20	{ र } - { ह }
19	{  } - { DEVANAGARI VOWEL SIGN VOCALIC R }
19	{ ज } - { ञ }
19	{ इ } - { द }
18	{  } - { DEVANAGARI VOWEL SIGN AU }
18	{  } - { द }
18	{  } - { च }
18	{ श } - { DEVANAGARI SIGN VIRAMA }
18	{ त } - { न }
18	{ श } - { ञ }
18	{ : } - { ; }
17	{  } - { ख }
17	{ क } - { DEVANAGARI VOWEL SIGN UU }
17	{ ह } - { द }
17	{ DEVANAGARI VOWEL SIGN AA } - {  }
17	{ त } - { क }
16	{ DEVANAGARI VOWEL SIGN E } - { DEVANAGARI VOWEL SIGN I }
16	{  } - { DEVANAGARI VOWEL SIGN E }
16	{ : } - { DEVANAGARI SIGN VIRAMA }
16	{ ण } - { ए }
16	{ स } - { त }
16	{ ह } - { इ }
15	{ ष } - { त }
14	{ क } - { ज }
14	{ ट } - { द }
14	{ ह } - { र }
14	{ DEVANAGARI VOWEL SIGN AU } - {  }
14	{ ख } - { ष }
14	{ ए } - {  }
14	{ ज } - { DEVANAGARI SIGN VIRAMA }
13	{ ऋ } - { DEVANAGARI SIGN VIRAMA }
13	{ र } - { त }
13	{ श } - { ण }
13	{ ग } - { य }
13	{ ल } - { ख }
12	{ ऋ } - { DEVANAGARI VOWEL SIGN VOCALIC R }
12	{ ञ } - { ज }
12	{  } - { य }
12	{ DEVANAGARI SIGN VIRAMA } - { प }
12	{ र } - { द }
12	{  } - { DEVANAGARI VOWEL SIGN UU }
12	{ ह } - { DEVANAGARI SIGN VIRAMA }
12	{ आ } - { च }
11	{ ब } - { न }
11	{ ल } - { ह }
11	{ DEVANAGARI SIGN VIRAMA } - { DEVANAGARI VOWEL SIGN UU }
11	{ DEVANAGARI VOWEL SIGN E } - { DEVANAGARI VOWEL SIGN AI }
11	{ व } - { ब }
11	{ ढ } - {  }
11	{ न } - { र }
11	{ DEVANAGARI VOWEL SIGN AI } - { DEVANAGARI VOWEL SIGN I }
11	{ द } - { ढ }
11	{ DEVANAGARI SIGN VIRAMA } - { DEVANAGARI SIGN NUKTA }
10	{ व } - { न }
10	{  } - { ड }
10	{ आ } - { DEVANAGARI SIGN VIRAMA }
10	{ ङ } - { द }
10	{ अ } - { DEVANAGARI SIGN VIRAMA }
10	{ र } - { न }
10	{ प } - { ण }
10	{ DEVANAGARI SIGN VIRAMA } - { DEVANAGARI SIGN VISARGA }
10	{ क } - { न }
10	{ DEVANAGARI SIGN VIRAMA } - { च }
10	{ त } - { DEVANAGARI SIGN VISARGA }
10	{ प } - { य }
10	{ १ } - {  }
10	{ द } - { य }
10	{ ८ } - {  }
10	{ य } - { च }
10	{ आ } - { DEVANAGARI VOWEL SIGN AA }
10	{ य } - { थ }
10	{ प } - { च }
9	{ DEVANAGARI VOWEL SIGN VOCALIC R } - { DEVANAGARI SIGN VIRAMA }
9	{ घ } - { ध }
9	{ क } - { ब }
9	{ अ } - {  }
9	{ DEVANAGARI SIGN VIRAMA } - { र }
9	{  } - { ण }
9	{ घ } - {  }
9	{ द } - { ह }
9	{  } - { क }
9	{ श } - { प }
9	{ आ } - { श }
9	{ ऽ } - { DEVANAGARI SIGN VIRAMA }
9	{ DEVANAGARI VOWEL SIGN U } - { DEVANAGARI SIGN VIRAMA }
9	{ द } - { र }
9	{ त } - { ल }
9	{ म } - { न }
9	{ थ } - { DEVANAGARI SIGN VIRAMA }
9	{ र } - { क }
9	{ न } - { ञ }
9	{ १ } - { ५ }
8	{ DEVANAGARI SIGN VIRAMA } - { DEVANAGARI SIGN ANUSVARA }
8	{ क } - { द }
8	{ ऋ } - { त }
8	{ ठ } - {  }
8	{ DEVANAGARI VOWEL SIGN AI } - { DEVANAGARI SIGN VISARGA }
8	{ क } - { ग }
8	{ श } - { ष }
8	{  } - { ञ }
8	{ DEVANAGARI VOWEL SIGN I } - { DEVANAGARI SIGN VIRAMA }
8	{ र } - { ए }
8	{ द } - { ग }
8	{ ऋ } - {  }
8	{  } - { स }
7	{ SPACE } - { DEVANAGARI SIGN VIRAMA }
7	{ ट } - { र }
7	{ च } - { व }
7	{ र } - { व }
7	{  } - { DEVANAGARI VOWEL SIGN O }
7	{ ऋ } - { अ }
7	{ अ } - { त }
7	{  } - { ह }
7	{ DEVANAGARI SIGN VIRAMA } - { DEVANAGARI VOWEL SIGN O }
7	{ ड } - { द }
7	{ २ } - {  }
7	{ ह } - { ङ }
7	{ : } - { DEVANAGARI VOWEL SIGN AA }
7	{ य } - { व }
7	{ छ } - { ह }
7	{ ण } - { र }
6	{ ब } - {  }
6	{ औ } - { DEVANAGARI SIGN VIRAMA }
6	{ क } - { व }
6	{  } - { ए }
6	{ DEVANAGARI VOWEL SIGN E } - { DEVANAGARI VOWEL SIGN O }
6	{ ञ } - { श }
6	{ DEVANAGARI SIGN VIRAMA } - { त }
6	{ छ } - { ङ }
6	{ र } - { इ }
6	{ DEVANAGARI VOWEL SIGN E } - { DEVANAGARI SIGN ANUSVARA }
6	{ DEVANAGARI SIGN VIRAMA } - { DEVANAGARI VOWEL SIGN VOCALIC R }
6	{ ९ } - {  }
6	{ व } - { त }
6	{ DEVANAGARI VOWEL SIGN AI } - { DEVANAGARI SIGN ANUSVARA }
6	{ ष } - { ण }
6	{ DEVANAGARI VOWEL SIGN AI } - { DEVANAGARI SIGN VIRAMA }
6	{ ढ } - { द }
6	{ ण } - { ख }
6	{ थ } - { च }
6	{ ण } - { ब }
5	{ : } - { DEVANAGARI SIGN ANUSVARA }
5	{ य } - { DEVANAGARI SIGN VISARGA }
5	{  } - { DEVANAGARI VOWEL SIGN AI }
5	{ ध } - { DEVANAGARI SIGN VISARGA }
5	{ व } - { च }
5	{ र } - { प }
5	{ DEVANAGARI VOWEL SIGN O } - { DEVANAGARI SIGN VIRAMA }
5	{ ण } - { ग }
5	{ DEVANAGARI SIGN VIRAMA } - { ह }
5	{ DEVANAGARI VOWEL SIGN AU } - { DEVANAGARI VOWEL SIGN AA }
5	{ ९ } - { १ }
5	{ श } - { ए }
5	{ ४ } - { 8 }
5	{ क } - { ह }
5	{ द } - { ब }
5	{ ण } - { DEVANAGARI VOWEL SIGN I }
5	{ र } - { ञ }
5	{ DEVANAGARI VOWEL SIGN E } - { DEVANAGARI SIGN VIRAMA }
5	{ ट } - { ग }
5	{ द } - { म }
5	{ ऽ } - { ॰ }
5	{ DEVANAGARI SIGN VIRAMA } - { य }
5	{ ल } - { DEVANAGARI SIGN VIRAMA }
5	{ ऋ } - { स }
5	{ ऐ } - { SPACE }
5	{ न } - { ज }
5	{ म } - { र }
5	{ ख } - { स }
5	{ ण } - { ल }
5	{ द } - { ङ }
5	{ न } - { व }
5	{ ल } - { ज }
5	{ ल } - { स }
5	{ ल } - { ब }
4	{ ण } - { य }
4	{ DEVANAGARI VOWEL SIGN VOCALIC R } - { DEVANAGARI SIGN NUKTA }
4	{ प } - { स }
4	{  } - { ल }
4	{ ग } - { न }
4	{ ग } - { र }
4	{ ध } - { व }
4	{  } - { अ }
4	{ ष } - { DEVANAGARI VOWEL SIGN I }
4	{ स } - { र }
4	{ न } - { DEVANAGARI SIGN VIRAMA }
4	{ : } - { SPACE }
4	{ प } - { र }
4	{ DEVANAGARI SIGN VIRAMA } - { क }
4	{ DEVANAGARI SIGN VIRAMA } - { ए }
4	{ ष } - { च }
4	{  } - { DEVANAGARI VOWEL SIGN U }
4	{ DEVANAGARI VOWEL SIGN U } - { DEVANAGARI SIGN VISARGA }
4	{ प } - { श }
4	{ व } - { ठ }
4	{ द } - { व }
4	{ औ } - {  }
4	{  } - { DEVANAGARI VOWEL SIGN II }
4	{ SPACE } - { ५ }
4	{ ङ } - { DEVANAGARI SIGN NUKTA }
4	{ ह } - { न }
4	{ त } - { ऋ }
4	{ र } - { DEVANAGARI SIGN VISARGA }
4	{ र } - { DEVANAGARI VOWEL SIGN UU }
4	{ ह } - { ब }
4	{ र } - { ष }
4	{ य } - { ष }
4	{ ञ } - { त }
4	{  } - { ज }
4	{ य } - { DEVANAGARI SIGN VIRAMA }
4	{ श } - { DEVANAGARI VOWEL SIGN AA }
4	{ थ } - { व }
4	{ DEVANAGARI VOWEL SIGN VOCALIC R } - { DEVANAGARI VOWEL SIGN UU }
4	{ न } - { ग }
4	{ ह } - { ज }
4	{ भ } - { स }
4	{ ह } - { ड }
4	{ DEVANAGARI SIGN VIRAMA } - { द }
4	{ र } - { ई }
4	{ औ } - { च }
4	{ र } - { च }
4	{ त } - { ह }
4	{ ऋ } - { च }
3	{ ड } - { र }
3	{ DEVANAGARI SIGN VIRAMA } - { घ }
3	{ DEVANAGARI SIGN VIRAMA } - { SPACE }
3	{ SPACE } - { ड }
3	{ ग } - { व }
3	{ ओ } - { DEVANAGARI SIGN VIRAMA }
3	{ ल } - { व }
3	{ व } - { क }
3	{ DEVANAGARI SIGN VIRAMA } - { ड }
3	{  } - { घ }
3	{ ऊ } - {  }
3	{ व } - { DEVANAGARI VOWEL SIGN UU }
3	{ क } - { DEVANAGARI SIGN VISARGA }
3	{ र } - { DEVANAGARI SIGN ANUSVARA }
3	{ ठ } - { र }
3	{  } - { ध }
3	{  } - { DEVANAGARI SIGN NUKTA }
3	{ ऐ } - { DEVANAGARI VOWEL SIGN E }
3	{ ण } - { व }
3	{ ओ } - {  }
3	{ ꣳ } - {  }
3	{ औ } - { DEVANAGARI VOWEL SIGN AU }
3	{ ण } - { DEVANAGARI VOWEL SIGN O }
3	{ औ } - { श }
3	{ ङ } - { उ }
3	{ । } - { 1 }
3	{ ड } - { उ }
3	{ ण } - { DEVANAGARI VOWEL SIGN II }
3	{ र } - { म }
3	{ । } - {  }
3	{ द } - { DEVANAGARI VOWEL SIGN AA }
3	{ र } - { DEVANAGARI VOWEL SIGN AA }
3	{ DEVANAGARI SIGN VIRAMA } - { ष }
3	{ श } - { ग }
3	{ ह } - { व }
3	{ ढ } - { ठ }
3	{ य } - { DEVANAGARI VOWEL SIGN AA }
3	{ DEVANAGARI VOWEL SIGN O } - { DEVANAGARI VOWEL SIGN AA }
3	{ ञ } - { ख }
3	{ ऽ } - { श }
3	{ ज } - { र }
3	{ ख } - { व }
3	{ प } - { म }
3	{ र } - { DEVANAGARI VOWEL SIGN II }
3	{ ल } - { छ }
3	{ ज } - { व }
3	{ र } - { ड }
3	{ : } - { DEVANAGARI VOWEL SIGN I }
3	{ अ } - { श }
3	{  } - { म }
3	{ भ } - { र }
3	{ द } - { DEVANAGARI SIGN VISARGA }
3	{ ण } - { DEVANAGARI SIGN VISARGA }
3	{ र } - { DEVANAGARI VOWEL SIGN U }
3	{  } - { ग }
3	{ ल } - { क }
3	{ DEVANAGARI SIGN VIRAMA } - { DEVANAGARI VOWEL SIGN II }
3	{ क } - { ऋ }
3	{ ऋ } - { क }
3	{ DEVANAGARI SIGN VIRAMA } - { ढ }
3	{ DEVANAGARI SIGN VIRAMA } - { ज }
3	{ ओ } - { श }
3	{ भ } - { न }
3	{  } - { श }
3	{ DEVANAGARI SIGN CANDRABINDU } - { DEVANAGARI VOWEL SIGN E }
3	{  } - { ष }
3	{ श } - { र }
3	{  } - { ठ }
3	{ द } - { इ }
3	{ श } - { ज }
3	{  } - { इ }
3	{ त } - { ञ }
2	{ ळ } - { व }
2	{ SPACE } - { अ }
2	{ ट } - { DEVANAGARI VOWEL SIGN U }
2	{ त } - { ट }
2	{ ढ } - { ह }
2	{ SPACE } - { _ }
2	{ ष } - { द }
2	{ ४ } - {  }
2	{ ङ } - { ज }
2	{ DEVANAGARI VOWEL SIGN VOCALIC R } - { प }
2	{ अ } - { र }
2	{ DEVANAGARI VOWEL SIGN UU } - { DEVANAGARI VOWEL SIGN VOCALIC R }
2	{ DEVANAGARI SIGN VIRAMA } - { न }
2	{ क } - { र }
2	{ DEVANAGARI VOWEL SIGN AU } - { DEVANAGARI VOWEL SIGN AI }
2	{ SPACE } - { उ }
2	{ SPACE } - { त }
2	{ ज } - { ड }
2	{ र } - { ख }
2	{ भ } - { द }
2	{ ग } - { ज }
2	{ ह } - { DEVANAGARI VOWEL SIGN U }
2	{ त } - { ठ }
2	{ DEVANAGARI SIGN CANDRABINDU } - { DEVANAGARI SIGN ANUSVARA }
2	{ ल } - { DEVANAGARI VOWEL SIGN AI }
2	{ ञ } - { च }
2	{ घ } - { DEVANAGARI SIGN VIRAMA }
2	{ DEVANAGARI VOWEL SIGN VOCALIC R } - { त }
2	{ ङ } - { क }
2	{ ञ } - { ष }
2	{ ग } - { क }
2	{ DEVANAGARI VOWEL SIGN E } - { DEVANAGARI SIGN VISARGA }
2	{ ऊ } - { उ }
2	{ ष } - { र }
2	{ क } - { DEVANAGARI SIGN VIRAMA }
2	{ ङ } - { इ }
2	{ ग } - { DEVANAGARI VOWEL SIGN II }
2	{ ए } - { ट }
2	{ त } - { ण }
2	{ ई } - { इ }
2	{ २ } - { ३ }
2	{ श } - { ध }
2	{ ८ } - { ४ }
2	{ ८ } - { ९ }
2	{ ज } - { ढ }
2	{ क } - { स }
2	{ र } - { ङ }
2	{ र } - { स }
2	{ ९ } - { SPACE }
2	{ ग } - { DEVANAGARI SIGN NUKTA }
2	{ थ } - { ट }
2	{ र } - { य }
2	{ ढ } - { ष }
2	{ घ } - { ष }
2	{ DEVANAGARI VOWEL SIGN E } - { DEVANAGARI VOWEL SIGN AA }
2	{ म } - { DEVANAGARI SIGN VIRAMA }
2	{ श } - { DEVANAGARI VOWEL SIGN I }
2	{ स } - { न }
2	{ प } - { व }
2	{ ऽ } - { ज }
2	{ ण } - { ष }
2	{ द } - { ट }
2	{ ह } - { DEVANAGARI SIGN CANDRABINDU }
2	{ थ } - { DEVANAGARI SIGN VISARGA }
2	{ DEVANAGARI VOWEL SIGN AI } - { ष }
2	{ द } - { DEVANAGARI SIGN VIRAMA }
2	{ ऋ } - { र }
2	{ DEVANAGARI VOWEL SIGN VOCALIC R } - { DEVANAGARI VOWEL SIGN U }
2	{ ट } - { DEVANAGARI VOWEL SIGN II }
2	{ झ } - {  }
2	{ ञ } - { न }
2	{ स } - { DEVANAGARI SIGN VIRAMA }
2	{ छ } - { य }
2	{ ण } - { प }
2	{ ण } - { DEVANAGARI SIGN VIRAMA }
2	{ ज } - { प }
2	{ DEVANAGARI VOWEL SIGN U } - { DEVANAGARI VOWEL SIGN UU }
2	{ DEVANAGARI VOWEL SIGN I } - { न }
2	{ DEVANAGARI VOWEL SIGN U } - { क }
2	{ ल } - { र }
2	{ ञ } - { र }
2	{ : } - { र }
2	{ ई } - {  }
2	{ ए } - { DEVANAGARI VOWEL SIGN UU }
2	{ ङ } - { र }
2	{ ख } - { ब }
2	{ य } - { र }
2	{ ऐ } - { छ }
2	{ DEVANAGARI VOWEL SIGN AA } - { DEVANAGARI SIGN VIRAMA }
2	{ ल } - { DEVANAGARI SIGN ANUSVARA }
2	{ DEVANAGARI VOWEL SIGN O } - { र }
2	{ औ } - { अ }
2	{ व } - { DEVANAGARI SIGN VIRAMA }
2	{  } - { ट }
2	{ न } - { ब }
2	{ ४ } - { ष }
2	{ ध } - { च }
2	{ द } - { ज }
2	{ DEVANAGARI SIGN VIRAMA } - { व }
2	{ DEVANAGARI SIGN VIRAMA } - { ण }
2	{ स } - { ल }
2	{ SPACE } - { च }
2	{ अ } - { ण }
2	{ प } - { क }
2	{ श } - { त }
2	{ श } - { DEVANAGARI VOWEL SIGN AU }
2	{ इ } - {  }
2	{ DEVANAGARI SIGN VIRAMA } - { ञ }
2	{ द } - { न }
2	{ स } - { ड }
2	{ DEVANAGARI SIGN VIRAMA } - { ऋ }
2	{ DEVANAGARI VOWEL SIGN U } - { इ }
2	{ त } - { व }
2	{ DEVANAGARI SIGN VIRAMA } - { ग }
2	{ ख } - { य }
2	{  } - { थ }
2	{ ओ } - { DEVANAGARI VOWEL SIGN O }
1	{ ङ } - { DEVANAGARI SIGN VISARGA }
1	{ ० } - { ॰ }
1	{ १ } - { श }
1	{ क } - { DEVANAGARI VOWEL SIGN VOCALIC R }
1	{  } - { ९ }
1	{ SPACE } - { आ }
1	{ SPACE } - { र }
1	{ DEVANAGARI SIGN ANUSVARA } - { र }
1	{ २ } - { DEVANAGARI VOWEL SIGN VOCALIC R }
1	{ ८ } - { &lt; }
1	{ ध } - { DEVANAGARI SIGN VIRAMA }
1	{ आ } - { ब }
1	{ च } - { न }
1	{ ग } - { अ }
1	{ च } - { उ }
1	{ DEVANAGARI VOWEL SIGN AI } - { DEVANAGARI VOWEL SIGN AU }
1	{ भ } - { अ }
1	{ ड } - { इ }
1	{ झ } - { भ }
1	{ DEVANAGARI VOWEL SIGN VOCALIC R } - { क }
1	{ आ } - { SPACE }
1	{ व } - { ग }
1	{ DEVANAGARI SIGN CANDRABINDU } - {  }
1	{ ष } - { SPACE }
1	{ DEVANAGARI SIGN VIRAMA } - { श }
1	{ फ } - {  }
1	{ घ } - { द }
1	{ ज } - { DEVANAGARI SIGN NUKTA }
1	{ DEVANAGARI SIGN VIRAMA } - { ध }
1	{ DEVANAGARI VOWEL SIGN O } - { ओ }
1	{ : } - { भ }
1	{ DEVANAGARI VOWEL SIGN U } - { DEVANAGARI VOWEL SIGN VOCALIC R }
1	{ ङ } - { ञ }
1	{ DEVANAGARI VOWEL SIGN VOCALIC R } - { ण }
1	{ ठ } - { य }
1	{ ह } - { झ }
1	{ DEVANAGARI VOWEL SIGN U } - { DEVANAGARI VOWEL SIGN E }
1	{ ट } - { व }
1	{ ष } - { फ }
1	{ भ } - { व }
1	{ भ } - { ध }
1	{ र } - { ण }
1	{ ञ } - { ङ }
1	{ ख } - { ड }
1	{ ठ } - { ड }
1	{ ७ } - { ० }
1	{ ड } - { य }
1	{ ल } - { झ }
1	{ : } - { त }
1	{ SPACE } - { क }
1	{ ष } - { ऽ }
1	{ र } - { DEVANAGARI VOWEL SIGN O }
1	{ म } - { SPACE }
1	{ ५ } - {  }
1	{ ९ } - { DEVANAGARI SIGN VIRAMA }
1	{ २ } - { श }
1	{  } - { ० }
1	{ SPACE } - { ९ }
1	{ १ } - { ६ }
1	{ ट } - { DEVANAGARI VOWEL SIGN VOCALIC R }
1	{ ष } - { श }
1	{ ॥ } - {  }
1	{ १ } - { \ }
1	{ DEVANAGARI SIGN VIRAMA } - { उ }
1	{ श } - { DEVANAGARI SIGN ANUSVARA }
1	{ SPACE } - { 8 }
1	{ ङ } - { त }
1	{ ह } - { स }
1	{ DEVANAGARI VOWEL SIGN UU } - { र }
1	{ द } - { DEVANAGARI VOWEL SIGN UU }
1	{ फ } - { प }
1	{ थ } - { र }
1	{ त } - { DEVANAGARI VOWEL SIGN O }
1	{ DEVANAGARI VOWEL SIGN I } - { ष }
1	{ ऽ } - { प }
1	{ ओ } - { अ }
1	{ ऽ } - { ० }
1	{ य } - { DEVANAGARI VOWEL SIGN I }
1	{ ह } - { ल }
1	{ य } - { DEVANAGARI VOWEL SIGN O }
1	{ : } - { &#39; }
1	{ DEVANAGARI SIGN ANUSVARA } - { ष }
1	{ म } - { DEVANAGARI SIGN VISARGA }
1	{ DEVANAGARI VOWEL SIGN VOCALIC R } - { छ }
1	{ ख } - { DEVANAGARI SIGN VIRAMA }
1	{ य } - { न }
1	{ DEVANAGARI VOWEL SIGN AA } - { ण }
1	{ DEVANAGARI VOWEL SIGN U } - { ए }
1	{ ढ } - { व }
1	{ व } - { DEVANAGARI SIGN ANUSVARA }
1	{ च } - { त }
1	{ य } - { त }
1	{ ग } - { DEVANAGARI SIGN ANUSVARA }
1	{ DEVANAGARI VOWEL SIGN E } - { य }
1	{ ल } - { DEVANAGARI VOWEL SIGN AA }
1	{ DEVANAGARI VOWEL SIGN O } - { क }
1	{ DEVANAGARI SIGN VIRAMA } - { DEVANAGARI VOWEL SIGN E }
1	{ DEVANAGARI VOWEL SIGN AI } - { DEVANAGARI VOWEL SIGN AA }
1	{ DEVANAGARI VOWEL SIGN AU } - { ह }
1	{ ध } - { प }
1	{ ऋ } - { श }
1	{ ए } - { ह }
1	{ DEVANAGARI VOWEL SIGN O } - { ह }
1	{ ळ } - { ब }
1	{ व } - { घ }
1	{ ङ } - { न }
1	{ ज } - { ल }
1	{ ख } - { ज }
1	{ प } - { त }
1	{ DEVANAGARI VOWEL SIGN AI } - { त }
1	{ ट } - { DEVANAGARI VOWEL SIGN I }
1	{ ष } - { न }
1	{ DEVANAGARI VOWEL SIGN E } - { ग }
1	{ आ } - { क }
1	{ व } - { DEVANAGARI VOWEL SIGN E }
1	{ ण } - { क }
1	{ २ } - { १ }
1	{ ब } - { DEVANAGARI SIGN VIRAMA }
1	{ म } - { ङ }
1	{ ऽ } - { DEVANAGARI SIGN ANUSVARA }
1	{ अ } - { ऋ }
1	{ घ } - { प }
1	{ DEVANAGARI SIGN CANDRABINDU } - { DEVANAGARI VOWEL SIGN AI }
1	{ ख } - { DEVANAGARI VOWEL SIGN AA }
1	{ थ } - { ग }
1	{ ख } - { त }
1	{ DEVANAGARI SIGN ANUSVARA } - { क }
1	{ व } - { प }
1	{ ॥ } - { DEVANAGARI SIGN VISARGA }
1	{ २ } - { ॥ }
1	{ ८ } - { SPACE }
1	{ च } - { DEVANAGARI VOWEL SIGN I }
1	{ र } - { ल }
1	{ त } - { प }
1	{ इ } - { ई }
1	{ ऋ } - { ञ }
1	{ : } - { व }
1	{ DEVANAGARI VOWEL SIGN I } - { त }
1	{ ञ } - { स }
1	{ थ } - { DEVANAGARI SIGN ANUSVARA }
1	{ ऽ } - { - }
1	{ द } - { DEVANAGARI VOWEL SIGN E }
1	{ छ } - { DEVANAGARI VOWEL SIGN UU }
1	{ ऽ } - { त }
1	{ ल } - { DEVANAGARI SIGN VISARGA }
1	{ ज } - { SPACE }
1	{ थ } - { श }
1	{ ढ } - { छ }
1	{ ऽ } - { द }
1	{ क } - { DEVANAGARI VOWEL SIGN I }
1	{ ट } - { य }
1	{ DEVANAGARI VOWEL SIGN U } - { DEVANAGARI VOWEL SIGN II }
1	{ DEVANAGARI VOWEL SIGN I } - { ग }
1	{ घ } - { ब }
1	{ ट } - { प }
1	{ प } - { न }
1	{ ङ } - { DEVANAGARI VOWEL SIGN AA }
1	{ ग } - { भ }
1	{ व } - { र }
1	{ अ } - { न }
1	{ ऽ } - { म }
1	{ ञ } - { DEVANAGARI SIGN VIRAMA }
1	{ ट } - { DEVANAGARI SIGN VIRAMA }
1	{ DEVANAGARI SIGN ANUSVARA } - { DEVANAGARI SIGN VIRAMA }
1	{  } - { DEVANAGARI VOWEL SIGN CANDRA O }
1	{ र } - { ढ }
1	{ ॥ } - { 1 }
1	{ ग } - { ल }
1	{ DEVANAGARI SIGN VIRAMA } - { ल }
1	{ ८ } - { ॰ }
1	{ DEVANAGARI VOWEL SIGN U } - { ञ }
1	{ DEVANAGARI VOWEL SIGN E } - { क }
1	{ DEVANAGARI VOWEL SIGN E } - { SPACE }
1	{ ऽ } - { क }
1	{ ड } - { त }
1	{ DEVANAGARI VOWEL SIGN AA } - { त }
1	{ य } - { SPACE }
1	{ य } - { ब }
1	{ औ } - { ब }
1	{ ४ } - { SPACE }
1	{  } - { 8 }
1	{ स } - { DEVANAGARI VOWEL SIGN E }
1	{ DEVANAGARI VOWEL SIGN I } - { ह }
1	{ DEVANAGARI SIGN ANUSVARA } - { DEVANAGARI SIGN CANDRABINDU }
1	{ ख } - { क }
1	{ न } - { DEVANAGARI VOWEL SIGN II }
1	{ ऽ } - { च }
1	{ ङ } - { ढ }
1	{ ङ } - { ख }
1	{ ळ } - { छ }
1	{ DEVANAGARI SIGN VIRAMA } - { DEVANAGARI VOWEL SIGN U }
1	{ क } - { भ }
1	{ DEVANAGARI VOWEL SIGN I } - { स }
1	{ SPACE } - { DEVANAGARI VOWEL SIGN AA }
1	{ SPACE } - { म }
1	{ ष } - { य }
1	{ र } - { छ }
1	{ ब } - { ग }
1	{ DEVANAGARI VOWEL SIGN VOCALIC R } - { च }
1	{ DEVANAGARI VOWEL SIGN E } - { र }
1	{ ख } - { र }
1	{  } - { ५ }
1	{ क } - { ञ }
1	{  } - { ङ }
1	{ द } - { त }
1	{ ध } - { ट }
1	{ DEVANAGARI VOWEL SIGN UU } - { ह }
1	{ ध } - { थ }
1	{ म } - { DEVANAGARI VOWEL SIGN AI }
1	{ छ } - { व }
1	{ DEVANAGARI SIGN VIRAMA } - { ट }
1	{ आ } - { ज }
1	{ ओ } - { च }
1	{ ठ } - { ट }
1	{ न } - { ण }
1	{ र } - { SPACE }
1	{ ज } - { क }
1	{ DEVANAGARI SIGN VIRAMA } - { DEVANAGARI VOWEL SIGN AI }
1	{ ण } - { ; }
1	{ य } - { श }
1	{ प } - { ध }
1	{ इ } - { क }
1	{ DEVANAGARI VOWEL SIGN AA } - { ञ }
1	{ DEVANAGARI VOWEL SIGN UU } - { क }
1	{ ड } - { स }
1	{ ग } - { स }
1	{ भ } - { इ }
1	{ ण } - { ह }
1	{ त } - { स }
1	{ DEVANAGARI VOWEL SIGN E } - { व }
1	{ DEVANAGARI SIGN VIRAMA } - { थ }
1	{ ब } - { त }
1	{ ळ } - { ठ }
1	{ र } - { DEVANAGARI VOWEL SIGN I }
1	{ अ } - { द }
1	{ SPACE } - { द }
1	{ इ } - { र }
1	{ छ } - { च }
1	{  } - { ; }
1	{ अ } - { ड }
1	{ स } - { DEVANAGARI VOWEL SIGN AA }
1	{ श } - { DEVANAGARI VOWEL SIGN UU }
1	{ व } - { ञ }
1	{ च } - { क }
1	{ छ } - { न }
1	{ ख } - { म }
1	{ ढ } - { ड }
1	{ ठ } - { द }
1	{ च } - { द }
1	{ न } - { क }
1	{ त } - { ब }
1	{ त } - { DEVANAGARI VOWEL SIGN AA }
1	{ य } - { ण }
1	{ DEVANAGARI VOWEL SIGN AA } - { DEVANAGARI VOWEL SIGN O }
1	{ क } - { ङ }
1	{ ल } - { ञ }
1	{ थ } - { ध }
1	{ DEVANAGARI VOWEL SIGN I } - { DEVANAGARI VOWEL SIGN UU }
1	{ घ } - { व }
1	{ स } - { भ }
1	{ त } - { थ }
1	{ SPACE } - { DEVANAGARI SIGN ANUSVARA }
1	{ व } - { ह }
1	{ स } - { * }
1	{ स } - { व }
1	{ म } - { ल }
1	{ ल } - { DEVANAGARI VOWEL SIGN II }
1	{ थ } - { क }
1	{ द } - { DEVANAGARI VOWEL SIGN AU }
1	{ य } - { म }
1	{ ढ } - { DEVANAGARI VOWEL SIGN AA }
1	{ त } - { ड }
1	{ र } - { ₹ }
1	{ ऐ } - {  }
1	{ घ } - { च }
1	{ DEVANAGARI VOWEL SIGN AA } - { ध }
1	{ घ } - { DEVANAGARI SIGN VISARGA }
1	{ DEVANAGARI SIGN VIRAMA } - { म }
1	{ DEVANAGARI VOWEL SIGN AU } - { DEVANAGARI SIGN VIRAMA }
1	{ ङ } - { स }
1	{ र } - { ब }
1	{ ओ } - { DEVANAGARI VOWEL SIGN CANDRA O }
1	{ व } - { DEVANAGARI VOWEL SIGN II }
1	{ ऊ } - { क }
1	{ स } - { DEVANAGARI VOWEL SIGN I }
1	{ य } - { DEVANAGARI VOWEL SIGN UU }
1	{ ङ } - { DEVANAGARI VOWEL SIGN UU }
1	{ ष } - { ए }
1	{ न } - { द }
1	{ DEVANAGARI VOWEL SIGN UU } - { DEVANAGARI VOWEL SIGN U }
1	{ क } - { DEVANAGARI VOWEL SIGN II }
1	{ स } - { य }
1	{ श } - { क }
1	{ थ } - { ; }
1	{ DEVANAGARI VOWEL SIGN UU } - { फ }
1	{ ल } - { द }
 
[675.8951] Average accuracy: 84.01%, (stddev: 0.00) 
